<?xml version="1.0" encoding="UTF-8"?>
<!-- Generated by org.testng.reporters.JUnitReportReporter -->
<testsuite hostname="DESKTOP-3E0F8TD" name="Test.Post" tests="1" failures="0" timestamp="28 Mar 2022 05:42:35 GMT" time="2.799" errors="0">
  <testcase name="post" time="2.799" classname="Test.Post"/>
</testsuite> <!-- Test.Post -->
