<?xml version="1.0" encoding="UTF-8"?>
<!-- Generated by org.testng.reporters.JUnitReportReporter -->
<testsuite hostname="DESKTOP-3E0F8TD" name="Test.UserInfoExcludeLogin" tests="1" failures="0" timestamp="28 Mar 2022 05:42:49 GMT" time="1.695" errors="0">
  <testcase name="post1" time="1.695" classname="Test.UserInfoExcludeLogin"/>
</testsuite> <!-- Test.UserInfoExcludeLogin -->
